2025-02-06 14:12:42,561 [Worker-6: Loading available Gradle versions] INFO  o.e.b.c.i.u.g.PublishedGradleVersions - Gradle version information cache is not available. Remote download required.
2025-02-06 14:14:31,830 [Worker-20: Launching mavenrun-c4ad76d8-3c3f-430f-841d-92395959e490] INFO  o.eclipse.m2e.core.internal.Bundles - getClasspathEntries(Bundle=org.eclipse.m2e.maven.runtime_3.9.900.20240824-1409 [300])
2025-02-06 14:14:31,831 [Worker-20: Launching mavenrun-c4ad76d8-3c3f-430f-841d-92395959e490] INFO  o.eclipse.m2e.core.internal.Bundles - 	Entry: C:\Users\Admin\.p2\pool\plugins\org.eclipse.m2e.maven.runtime_3.9.900.20240824-1409
2025-02-06 14:14:31,832 [Worker-20: Launching mavenrun-c4ad76d8-3c3f-430f-841d-92395959e490] INFO  o.eclipse.m2e.core.internal.Bundles - 	Entry: C:\Users\Admin\.p2\pool\plugins\org.eclipse.m2e.maven.runtime_3.9.900.20240824-1409\jars\aopalliance-1.0.jar
2025-02-06 14:14:31,834 [Worker-20: Launching mavenrun-c4ad76d8-3c3f-430f-841d-92395959e490] INFO  o.eclipse.m2e.core.internal.Bundles - 	Entry: C:\Users\Admin\.p2\pool\plugins\org.eclipse.m2e.maven.runtime_3.9.900.20240824-1409\jars\guice-5.1.0.jar
2025-02-06 14:14:31,834 [Worker-20: Launching mavenrun-c4ad76d8-3c3f-430f-841d-92395959e490] INFO  o.eclipse.m2e.core.internal.Bundles - 	Entry: C:\Users\Admin\.p2\pool\plugins\org.eclipse.m2e.maven.runtime_3.9.900.20240824-1409\jars\httpclient-4.5.14.jar
2025-02-06 14:14:31,835 [Worker-20: Launching mavenrun-c4ad76d8-3c3f-430f-841d-92395959e490] INFO  o.eclipse.m2e.core.internal.Bundles - 	Entry: C:\Users\Admin\.p2\pool\plugins\org.eclipse.m2e.maven.runtime_3.9.900.20240824-1409\jars\httpcore-4.4.16.jar
2025-02-06 14:14:31,835 [Worker-20: Launching mavenrun-c4ad76d8-3c3f-430f-841d-92395959e490] INFO  o.eclipse.m2e.core.internal.Bundles - 	Entry: C:\Users\Admin\.p2\pool\plugins\org.eclipse.m2e.maven.runtime_3.9.900.20240824-1409\jars\jansi-2.4.1.jar
2025-02-06 14:14:31,835 [Worker-20: Launching mavenrun-c4ad76d8-3c3f-430f-841d-92395959e490] INFO  o.eclipse.m2e.core.internal.Bundles - 	Entry: C:\Users\Admin\.p2\pool\plugins\org.eclipse.m2e.maven.runtime_3.9.900.20240824-1409\jars\jcl-over-slf4j-1.7.36.jar
2025-02-06 14:14:31,835 [Worker-20: Launching mavenrun-c4ad76d8-3c3f-430f-841d-92395959e490] INFO  o.eclipse.m2e.core.internal.Bundles - 	Entry: C:\Users\Admin\.p2\pool\plugins\org.eclipse.m2e.maven.runtime_3.9.900.20240824-1409\jars\maven-artifact-3.9.9.jar
2025-02-06 14:14:31,836 [Worker-20: Launching mavenrun-c4ad76d8-3c3f-430f-841d-92395959e490] INFO  o.eclipse.m2e.core.internal.Bundles - 	Entry: C:\Users\Admin\.p2\pool\plugins\org.eclipse.m2e.maven.runtime_3.9.900.20240824-1409\jars\maven-builder-support-3.9.9.jar
2025-02-06 14:14:31,836 [Worker-20: Launching mavenrun-c4ad76d8-3c3f-430f-841d-92395959e490] INFO  o.eclipse.m2e.core.internal.Bundles - 	Entry: C:\Users\Admin\.p2\pool\plugins\org.eclipse.m2e.maven.runtime_3.9.900.20240824-1409\jars\maven-compat-3.9.9.jar
2025-02-06 14:14:31,836 [Worker-20: Launching mavenrun-c4ad76d8-3c3f-430f-841d-92395959e490] INFO  o.eclipse.m2e.core.internal.Bundles - 	Entry: C:\Users\Admin\.p2\pool\plugins\org.eclipse.m2e.maven.runtime_3.9.900.20240824-1409\jars\maven-core-3.9.9.jar
2025-02-06 14:14:31,836 [Worker-20: Launching mavenrun-c4ad76d8-3c3f-430f-841d-92395959e490] INFO  o.eclipse.m2e.core.internal.Bundles - 	Entry: C:\Users\Admin\.p2\pool\plugins\org.eclipse.m2e.maven.runtime_3.9.900.20240824-1409\jars\maven-embedder-3.9.9.jar
2025-02-06 14:14:31,837 [Worker-20: Launching mavenrun-c4ad76d8-3c3f-430f-841d-92395959e490] INFO  o.eclipse.m2e.core.internal.Bundles - 	Entry: C:\Users\Admin\.p2\pool\plugins\org.eclipse.m2e.maven.runtime_3.9.900.20240824-1409\jars\maven-model-3.9.9.jar
2025-02-06 14:14:31,837 [Worker-20: Launching mavenrun-c4ad76d8-3c3f-430f-841d-92395959e490] INFO  o.eclipse.m2e.core.internal.Bundles - 	Entry: C:\Users\Admin\.p2\pool\plugins\org.eclipse.m2e.maven.runtime_3.9.900.20240824-1409\jars\maven-model-builder-3.9.9.jar
2025-02-06 14:14:31,837 [Worker-20: Launching mavenrun-c4ad76d8-3c3f-430f-841d-92395959e490] INFO  o.eclipse.m2e.core.internal.Bundles - 	Entry: C:\Users\Admin\.p2\pool\plugins\org.eclipse.m2e.maven.runtime_3.9.900.20240824-1409\jars\maven-plugin-api-3.9.9.jar
2025-02-06 14:14:31,837 [Worker-20: Launching mavenrun-c4ad76d8-3c3f-430f-841d-92395959e490] INFO  o.eclipse.m2e.core.internal.Bundles - 	Entry: C:\Users\Admin\.p2\pool\plugins\org.eclipse.m2e.maven.runtime_3.9.900.20240824-1409\jars\maven-repository-metadata-3.9.9.jar
2025-02-06 14:14:31,837 [Worker-20: Launching mavenrun-c4ad76d8-3c3f-430f-841d-92395959e490] INFO  o.eclipse.m2e.core.internal.Bundles - 	Entry: C:\Users\Admin\.p2\pool\plugins\org.eclipse.m2e.maven.runtime_3.9.900.20240824-1409\jars\maven-resolver-api-1.9.22.jar
2025-02-06 14:14:31,838 [Worker-20: Launching mavenrun-c4ad76d8-3c3f-430f-841d-92395959e490] INFO  o.eclipse.m2e.core.internal.Bundles - 	Entry: C:\Users\Admin\.p2\pool\plugins\org.eclipse.m2e.maven.runtime_3.9.900.20240824-1409\jars\maven-resolver-connector-basic-1.9.22.jar
2025-02-06 14:14:31,838 [Worker-20: Launching mavenrun-c4ad76d8-3c3f-430f-841d-92395959e490] INFO  o.eclipse.m2e.core.internal.Bundles - 	Entry: C:\Users\Admin\.p2\pool\plugins\org.eclipse.m2e.maven.runtime_3.9.900.20240824-1409\jars\maven-resolver-impl-1.9.22.jar
2025-02-06 14:14:31,838 [Worker-20: Launching mavenrun-c4ad76d8-3c3f-430f-841d-92395959e490] INFO  o.eclipse.m2e.core.internal.Bundles - 	Entry: C:\Users\Admin\.p2\pool\plugins\org.eclipse.m2e.maven.runtime_3.9.900.20240824-1409\jars\maven-resolver-named-locks-1.9.22.jar
2025-02-06 14:14:31,839 [Worker-20: Launching mavenrun-c4ad76d8-3c3f-430f-841d-92395959e490] INFO  o.eclipse.m2e.core.internal.Bundles - 	Entry: C:\Users\Admin\.p2\pool\plugins\org.eclipse.m2e.maven.runtime_3.9.900.20240824-1409\jars\maven-resolver-provider-3.9.9.jar
2025-02-06 14:14:31,839 [Worker-20: Launching mavenrun-c4ad76d8-3c3f-430f-841d-92395959e490] INFO  o.eclipse.m2e.core.internal.Bundles - 	Entry: C:\Users\Admin\.p2\pool\plugins\org.eclipse.m2e.maven.runtime_3.9.900.20240824-1409\jars\maven-resolver-spi-1.9.22.jar
2025-02-06 14:14:31,839 [Worker-20: Launching mavenrun-c4ad76d8-3c3f-430f-841d-92395959e490] INFO  o.eclipse.m2e.core.internal.Bundles - 	Entry: C:\Users\Admin\.p2\pool\plugins\org.eclipse.m2e.maven.runtime_3.9.900.20240824-1409\jars\maven-resolver-transport-file-1.9.22.jar
2025-02-06 14:14:31,839 [Worker-20: Launching mavenrun-c4ad76d8-3c3f-430f-841d-92395959e490] INFO  o.eclipse.m2e.core.internal.Bundles - 	Entry: C:\Users\Admin\.p2\pool\plugins\org.eclipse.m2e.maven.runtime_3.9.900.20240824-1409\jars\maven-resolver-transport-http-1.9.22.jar
2025-02-06 14:14:31,839 [Worker-20: Launching mavenrun-c4ad76d8-3c3f-430f-841d-92395959e490] INFO  o.eclipse.m2e.core.internal.Bundles - 	Entry: C:\Users\Admin\.p2\pool\plugins\org.eclipse.m2e.maven.runtime_3.9.900.20240824-1409\jars\maven-resolver-transport-wagon-1.9.22.jar
2025-02-06 14:14:31,840 [Worker-20: Launching mavenrun-c4ad76d8-3c3f-430f-841d-92395959e490] INFO  o.eclipse.m2e.core.internal.Bundles - 	Entry: C:\Users\Admin\.p2\pool\plugins\org.eclipse.m2e.maven.runtime_3.9.900.20240824-1409\jars\maven-resolver-util-1.9.22.jar
2025-02-06 14:14:31,840 [Worker-20: Launching mavenrun-c4ad76d8-3c3f-430f-841d-92395959e490] INFO  o.eclipse.m2e.core.internal.Bundles - 	Entry: C:\Users\Admin\.p2\pool\plugins\org.eclipse.m2e.maven.runtime_3.9.900.20240824-1409\jars\maven-settings-3.9.9.jar
2025-02-06 14:14:31,840 [Worker-20: Launching mavenrun-c4ad76d8-3c3f-430f-841d-92395959e490] INFO  o.eclipse.m2e.core.internal.Bundles - 	Entry: C:\Users\Admin\.p2\pool\plugins\org.eclipse.m2e.maven.runtime_3.9.900.20240824-1409\jars\maven-settings-builder-3.9.9.jar
2025-02-06 14:14:31,840 [Worker-20: Launching mavenrun-c4ad76d8-3c3f-430f-841d-92395959e490] INFO  o.eclipse.m2e.core.internal.Bundles - 	Entry: C:\Users\Admin\.p2\pool\plugins\org.eclipse.m2e.maven.runtime_3.9.900.20240824-1409\jars\maven-shared-utils-3.4.2.jar
2025-02-06 14:14:31,840 [Worker-20: Launching mavenrun-c4ad76d8-3c3f-430f-841d-92395959e490] INFO  o.eclipse.m2e.core.internal.Bundles - 	Entry: C:\Users\Admin\.p2\pool\plugins\org.eclipse.m2e.maven.runtime_3.9.900.20240824-1409\jars\org.eclipse.sisu.inject-0.9.0.M3.jar
2025-02-06 14:14:31,842 [Worker-20: Launching mavenrun-c4ad76d8-3c3f-430f-841d-92395959e490] INFO  o.eclipse.m2e.core.internal.Bundles - 	Entry: C:\Users\Admin\.p2\pool\plugins\org.eclipse.m2e.maven.runtime_3.9.900.20240824-1409\jars\org.eclipse.sisu.plexus-0.9.0.M3.jar
2025-02-06 14:14:31,842 [Worker-20: Launching mavenrun-c4ad76d8-3c3f-430f-841d-92395959e490] INFO  o.eclipse.m2e.core.internal.Bundles - 	Entry: C:\Users\Admin\.p2\pool\plugins\org.eclipse.m2e.maven.runtime_3.9.900.20240824-1409\jars\plexus-build-api-0.0.7.jar
2025-02-06 14:14:31,842 [Worker-20: Launching mavenrun-c4ad76d8-3c3f-430f-841d-92395959e490] INFO  o.eclipse.m2e.core.internal.Bundles - 	Entry: C:\Users\Admin\.p2\pool\plugins\org.eclipse.m2e.maven.runtime_3.9.900.20240824-1409\jars\plexus-build-api-1.2.0.jar
2025-02-06 14:14:31,842 [Worker-20: Launching mavenrun-c4ad76d8-3c3f-430f-841d-92395959e490] INFO  o.eclipse.m2e.core.internal.Bundles - 	Entry: C:\Users\Admin\.p2\pool\plugins\org.eclipse.m2e.maven.runtime_3.9.900.20240824-1409\jars\plexus-cipher-2.0.jar
2025-02-06 14:14:31,842 [Worker-20: Launching mavenrun-c4ad76d8-3c3f-430f-841d-92395959e490] INFO  o.eclipse.m2e.core.internal.Bundles - 	Entry: C:\Users\Admin\.p2\pool\plugins\org.eclipse.m2e.maven.runtime_3.9.900.20240824-1409\jars\plexus-classworlds-2.8.0.jar
2025-02-06 14:14:31,842 [Worker-20: Launching mavenrun-c4ad76d8-3c3f-430f-841d-92395959e490] INFO  o.eclipse.m2e.core.internal.Bundles - 	Entry: C:\Users\Admin\.p2\pool\plugins\org.eclipse.m2e.maven.runtime_3.9.900.20240824-1409\jars\plexus-component-annotations-2.1.0.jar
2025-02-06 14:14:31,843 [Worker-20: Launching mavenrun-c4ad76d8-3c3f-430f-841d-92395959e490] INFO  o.eclipse.m2e.core.internal.Bundles - 	Entry: C:\Users\Admin\.p2\pool\plugins\org.eclipse.m2e.maven.runtime_3.9.900.20240824-1409\jars\plexus-interpolation-1.27.jar
2025-02-06 14:14:31,843 [Worker-20: Launching mavenrun-c4ad76d8-3c3f-430f-841d-92395959e490] INFO  o.eclipse.m2e.core.internal.Bundles - 	Entry: C:\Users\Admin\.p2\pool\plugins\org.eclipse.m2e.maven.runtime_3.9.900.20240824-1409\jars\plexus-sec-dispatcher-2.0.jar
2025-02-06 14:14:31,843 [Worker-20: Launching mavenrun-c4ad76d8-3c3f-430f-841d-92395959e490] INFO  o.eclipse.m2e.core.internal.Bundles - 	Entry: C:\Users\Admin\.p2\pool\plugins\org.eclipse.m2e.maven.runtime_3.9.900.20240824-1409\jars\plexus-utils-3.5.1.jar
2025-02-06 14:14:31,843 [Worker-20: Launching mavenrun-c4ad76d8-3c3f-430f-841d-92395959e490] INFO  o.eclipse.m2e.core.internal.Bundles - 	Entry: C:\Users\Admin\.p2\pool\plugins\org.eclipse.m2e.maven.runtime_3.9.900.20240824-1409\jars\plexus-xml-3.0.1.jar
2025-02-06 14:14:31,844 [Worker-20: Launching mavenrun-c4ad76d8-3c3f-430f-841d-92395959e490] INFO  o.eclipse.m2e.core.internal.Bundles - 	Entry: C:\Users\Admin\.p2\pool\plugins\org.eclipse.m2e.maven.runtime_3.9.900.20240824-1409\jars\wagon-file-3.5.3.jar
2025-02-06 14:14:31,844 [Worker-20: Launching mavenrun-c4ad76d8-3c3f-430f-841d-92395959e490] INFO  o.eclipse.m2e.core.internal.Bundles - 	Entry: C:\Users\Admin\.p2\pool\plugins\org.eclipse.m2e.maven.runtime_3.9.900.20240824-1409\jars\wagon-http-3.5.3.jar
2025-02-06 14:14:31,844 [Worker-20: Launching mavenrun-c4ad76d8-3c3f-430f-841d-92395959e490] INFO  o.eclipse.m2e.core.internal.Bundles - 	Entry: C:\Users\Admin\.p2\pool\plugins\org.eclipse.m2e.maven.runtime_3.9.900.20240824-1409\jars\wagon-http-shared-3.5.3.jar
2025-02-06 14:14:31,844 [Worker-20: Launching mavenrun-c4ad76d8-3c3f-430f-841d-92395959e490] INFO  o.eclipse.m2e.core.internal.Bundles - 	Entry: C:\Users\Admin\.p2\pool\plugins\org.eclipse.m2e.maven.runtime_3.9.900.20240824-1409\jars\wagon-provider-api-3.5.3.jar
2025-02-06 14:14:31,846 [Worker-20: Launching mavenrun-c4ad76d8-3c3f-430f-841d-92395959e490] INFO  o.eclipse.m2e.core.internal.Bundles - getClasspathEntries(Bundle=com.google.guava_33.3.1.jre [10])
2025-02-06 14:14:31,846 [Worker-20: Launching mavenrun-c4ad76d8-3c3f-430f-841d-92395959e490] INFO  o.eclipse.m2e.core.internal.Bundles - 	Entry: C:\Users\Admin\.p2\pool\plugins\com.google.guava_33.3.1.jre.jar
2025-02-06 14:14:31,847 [Worker-20: Launching mavenrun-c4ad76d8-3c3f-430f-841d-92395959e490] INFO  o.eclipse.m2e.core.internal.Bundles - getClasspathEntries(Bundle=slf4j.api_2.0.16 [524])
2025-02-06 14:14:31,847 [Worker-20: Launching mavenrun-c4ad76d8-3c3f-430f-841d-92395959e490] INFO  o.eclipse.m2e.core.internal.Bundles - 	Entry: C:\Users\Admin\.p2\pool\plugins\slf4j.api_2.0.16.jar
2025-02-06 14:14:31,847 [Worker-20: Launching mavenrun-c4ad76d8-3c3f-430f-841d-92395959e490] INFO  o.eclipse.m2e.core.internal.Bundles - getClasspathEntries(Bundle=jakarta.inject.jakarta.inject-api_1.0.5 [22])
2025-02-06 14:14:31,847 [Worker-20: Launching mavenrun-c4ad76d8-3c3f-430f-841d-92395959e490] INFO  o.eclipse.m2e.core.internal.Bundles - 	Entry: C:\Users\Admin\.p2\pool\plugins\jakarta.inject.jakarta.inject-api_1.0.5.jar
2025-02-06 14:14:31,847 [Worker-20: Launching mavenrun-c4ad76d8-3c3f-430f-841d-92395959e490] INFO  o.eclipse.m2e.core.internal.Bundles - getClasspathEntries(Bundle=jakarta.annotation-api_1.3.5 [20])
2025-02-06 14:14:31,848 [Worker-20: Launching mavenrun-c4ad76d8-3c3f-430f-841d-92395959e490] INFO  o.eclipse.m2e.core.internal.Bundles - 	Entry: C:\Users\Admin\.p2\pool\plugins\jakarta.annotation-api_1.3.5.jar
2025-02-06 14:14:31,848 [Worker-20: Launching mavenrun-c4ad76d8-3c3f-430f-841d-92395959e490] INFO  o.eclipse.m2e.core.internal.Bundles - getClasspathEntries(Bundle=org.apache.commons.cli_1.9.0 [47])
2025-02-06 14:14:31,848 [Worker-20: Launching mavenrun-c4ad76d8-3c3f-430f-841d-92395959e490] INFO  o.eclipse.m2e.core.internal.Bundles - 	Entry: C:\Users\Admin\.p2\pool\plugins\org.apache.commons.cli_1.9.0.jar
2025-02-06 14:14:31,848 [Worker-20: Launching mavenrun-c4ad76d8-3c3f-430f-841d-92395959e490] INFO  o.eclipse.m2e.core.internal.Bundles - getClasspathEntries(Bundle=org.apache.commons.commons-codec_1.16.0 [50])
2025-02-06 14:14:31,849 [Worker-20: Launching mavenrun-c4ad76d8-3c3f-430f-841d-92395959e490] INFO  o.eclipse.m2e.core.internal.Bundles - 	Entry: C:\Users\Admin\.p2\pool\plugins\org.apache.commons.commons-codec_1.16.0.jar
2025-02-06 14:14:31,849 [Worker-20: Launching mavenrun-c4ad76d8-3c3f-430f-841d-92395959e490] INFO  o.eclipse.m2e.core.internal.Bundles - getClasspathEntries(Bundle=com.google.guava.failureaccess_1.0.2 [11])
2025-02-06 14:14:31,849 [Worker-20: Launching mavenrun-c4ad76d8-3c3f-430f-841d-92395959e490] INFO  o.eclipse.m2e.core.internal.Bundles - 	Entry: C:\Users\Admin\.p2\pool\plugins\com.google.guava.failureaccess_1.0.2.jar
2025-02-06 14:14:31,854 [Worker-20: Launching mavenrun-c4ad76d8-3c3f-430f-841d-92395959e490] INFO  o.e.m.i.launch.MavenLaunchDelegate - Run build in "C:\Users\Admin\AppData\Local\Temp\m2e-archetypeGenerator437099528215756412":
2025-02-06 14:14:31,857 [Worker-20: Launching mavenrun-c4ad76d8-3c3f-430f-841d-92395959e490] INFO  o.e.m.i.launch.MavenLaunchDelegate -  mvn  -DjavaCompilerVersion=17 -DjunitVersion=5.11.0 -DarchetypeGroupId=org.apache.maven.archetypes -DarchetypeArtifactId=maven-archetype-quickstart -DarchetypeVersion=1.5 -DgroupId=JenkinTest -DartifactId=Jen01 -Dversion=0.0.1-SNAPSHOT -Dpackage=JenkinTest.Jen01 -DoutputDirectory=C:\Users\Admin\JK05 -Dstyle.color=always -U archetype:generate
2025-02-06 14:15:08,476 [Worker-12: Creating maven-archetype-quickstart] INFO  o.e.m.c.i.p.ProjectConfigurationManager - Collecting project info '/pom.xml' C:\Users\Admin\JK05\Jen01\pom.xml
2025-02-06 14:15:09,293 [Worker-12: Creating maven-archetype-quickstart] INFO  o.e.m.c.i.l.LifecycleMappingFactory - Using org.eclipse.m2e.jdt.JarLifecycleMapping lifecycle mapping for MavenProject: JenkinTest:Jen01:0.0.1-SNAPSHOT @ C:\Users\Admin\JK05\Jen01\pom.xml.
2025-02-06 14:15:10,110 [Worker-12: Creating maven-archetype-quickstart] INFO  o.e.m.j.i.AbstractJavaProjectConfigurator - Adding source folder /Jen01/src/main/java
2025-02-06 14:15:10,111 [Worker-12: Creating maven-archetype-quickstart] INFO  o.e.m.j.i.AbstractJavaProjectConfigurator - Adding resource folder /Jen01/src/main/resources
2025-02-06 14:15:10,115 [Worker-12: Creating maven-archetype-quickstart] INFO  o.e.m.j.i.AbstractJavaProjectConfigurator - Adding source folder /Jen01/src/test/java
2025-02-06 14:15:10,116 [Worker-12: Creating maven-archetype-quickstart] INFO  o.e.m.j.i.AbstractJavaProjectConfigurator - Adding resource folder /Jen01/src/test/resources
2025-02-06 14:15:10,721 [Worker-12: Creating maven-archetype-quickstart] INFO  o.e.m.c.i.p.ProjectConfigurationManager - Imported and configured 1 project(s) in 2 sec
2025-02-06 14:15:11,648 [Worker-19: Building] INFO  o.a.m.s.f.DefaultMavenResourcesFiltering - skip non existing resourceDirectory C:\Users\Admin\JK05\Jen01\src\main\resources
2025-02-06 14:15:11,657 [Worker-19: Building] INFO  o.a.m.s.f.DefaultMavenResourcesFiltering - skip non existing resourceDirectory C:\Users\Admin\JK05\Jen01\src\test\resources
2025-02-06 14:15:30,102 [Worker-23: Building] INFO  o.a.m.s.f.DefaultMavenResourcesFiltering - skip non existing resourceDirectory C:\Users\Admin\JK05\Jen01\src\main\resources
2025-02-06 14:15:30,106 [Worker-23: Building] INFO  o.a.m.s.f.DefaultMavenResourcesFiltering - skip non existing resourceDirectory C:\Users\Admin\JK05\Jen01\src\test\resources
